c:\users\s1608758\desktop\defender\proj\vs2015\obj\vc140.pdb
c:\users\s1608758\desktop\defender\proj\vs2015\obj\vc140.idb
c:\users\s1608758\desktop\defender\proj\vs2015\obj\bullet.obj
c:\users\s1608758\desktop\defender\proj\vs2015\obj\collision.obj
c:\users\s1608758\desktop\defender\proj\vs2015\obj\enemy.obj
c:\users\s1608758\desktop\defender\proj\vs2015\obj\main.obj
c:\users\s1608758\desktop\defender\proj\vs2015\obj\player.obj
c:\users\s1608758\desktop\defender\proj\vs2015\obj\ui.obj
t:\gamedev\sourcetreeprojects\uogfw\defender\proj\vs2015\obj\vc141.pdb
t:\gamedev\sourcetreeprojects\uogfw\defender\proj\vs2015\obj\ui.obj
t:\gamedev\sourcetreeprojects\uogfw\defender\proj\vs2015\obj\player.obj
t:\gamedev\sourcetreeprojects\uogfw\defender\proj\vs2015\obj\main.obj
t:\gamedev\sourcetreeprojects\uogfw\defender\proj\vs2015\obj\enemy.obj
t:\gamedev\sourcetreeprojects\uogfw\defender\proj\vs2015\obj\collision.obj
t:\gamedev\sourcetreeprojects\uogfw\defender\proj\vs2015\obj\bullet.obj
c:\users\s1608758\desktop\defender\bin\x64\debug\defender.ilk
c:\users\s1608758\desktop\defender\bin\x64\debug\defender.exe
c:\users\s1608758\desktop\defender\bin\x64\debug\defender.pdb
t:\gamedev\sourcetreeprojects\uogfw\defender\proj\vs2015\obj\score.obj
t:\gamedev\sourcetreeprojects\uogfw\defender\proj\vs2015\obj\enemy.obj.enc
t:\gamedev\sourcetreeprojects\uogfw\defender\proj\vs2015\obj\vc140.idb
t:\gamedev\sourcetreeprojects\uogfw\defender\proj\vs2015\obj\vc141.idb
t:\gamedev\sourcetreeprojects\uogfw\defender\proj\vs2015\obj\vc140.pdb
t:\gamedev\sourcetreeprojects\uogfw\defender\proj\vs2015\obj\defender.tlog\cl.command.1.tlog
t:\gamedev\sourcetreeprojects\uogfw\defender\proj\vs2015\obj\defender.tlog\cl.read.1.tlog
t:\gamedev\sourcetreeprojects\uogfw\defender\proj\vs2015\obj\defender.tlog\cl.write.1.tlog
t:\gamedev\sourcetreeprojects\uogfw\defender\proj\vs2015\obj\defender.tlog\link.command.1.tlog
t:\gamedev\sourcetreeprojects\uogfw\defender\proj\vs2015\obj\defender.tlog\link.read.1.tlog
t:\gamedev\sourcetreeprojects\uogfw\defender\proj\vs2015\obj\defender.tlog\link.write.1.tlog
